<?xml version="1.0" encoding="UTF-8"?>
<testsuite name="filaA.Ejercicio2" tests="1" skipped="0" failures="0" errors="0" timestamp="2023-10-19T22:35:53" hostname="RENUCOV" time="14.877">
  <properties/>
  <testcase name="verifyMultipleProjectsTest()" classname="filaA.Ejercicio2" time="14.877"/>
  <system-out><![CDATA[Request method:	POST
Request URI:	https://todo.ly/api/projects.json
Proxy:			<none>
Request params:	<none>
Query params:	<none>
Form params:	<none>
Path params:	<none>
Headers:		Authorization=Basic ci5yZW5nZWw5OUBnbWFpbC5jb206cmVudWMwcGF0YQ==
				Accept=*/*
				Content-Type=text/plain; charset=ISO-8859-1
Cookies:		<none>
Multiparts:		<none>
Body:
{"Content":"Project Renuco 1 1697754953657"}
HTTP/1.1 200 OK
Cache-Control: no-cache, no-store, must-revalidate
Pragma: no-cache
Content-Type: application/json; charset=utf-8
Expires: -1
Server: Microsoft-IIS/8.0
Set-Cookie: ASP.NET_SessionId=5r0k34aojtdufxllc1d5orxu; path=/; HttpOnly; SameSite=Lax
X-AspNetMvc-Version: 2.0
X-AspNet-Version: 4.0.30319
X-Powered-By: ASP.NET
Date: Thu, 19 Oct 2023 22:35:55 GMT
Content-Length: 419

{
    "Id": 4152504,
    "Content": "Project Renuco 1 1697754953657",
    "ItemsCount": 0,
    "Icon": 0,
    "ItemType": 2,
    "ParentId": null,
    "Collapsed": false,
    "ItemOrder": 10,
    "Children": [
        
    ],
    "IsProjectShared": false,
    "ProjectShareOwnerName": null,
    "ProjectShareOwnerEmail": null,
    "IsShareApproved": false,
    "IsOwnProject": true,
    "LastSyncedDateTime": "/Date(1697754955572)/",
    "LastUpdatedDate": "/Date(1697754955557)/",
    "Deleted": false,
    "SyncClientCreationId": null
}
HTTP/1.1 200 OK
Cache-Control: no-cache, no-store, must-revalidate
Pragma: no-cache
Content-Type: application/json; charset=utf-8
Expires: -1
Server: Microsoft-IIS/8.0
Set-Cookie: ASP.NET_SessionId=5r0k34aojtdufxllc1d5orxu; path=/; HttpOnly; SameSite=Lax
X-AspNetMvc-Version: 2.0
X-AspNet-Version: 4.0.30319
X-Powered-By: ASP.NET
Date: Thu, 19 Oct 2023 22:35:55 GMT
Content-Length: 419

{
    "Id": 4152504,
    "Content": "Project Renuco 1 1697754953657",
    "ItemsCount": 0,
    "Icon": 0,
    "ItemType": 2,
    "ParentId": null,
    "Collapsed": false,
    "ItemOrder": 10,
    "Children": [
        
    ],
    "IsProjectShared": false,
    "ProjectShareOwnerName": null,
    "ProjectShareOwnerEmail": null,
    "IsShareApproved": false,
    "IsOwnProject": true,
    "LastSyncedDateTime": "/Date(1697754955572)/",
    "LastUpdatedDate": "/Date(1697754955557)/",
    "Deleted": false,
    "SyncClientCreationId": null
}
Request method:	POST
Request URI:	https://todo.ly/api/projects.json
Proxy:			<none>
Request params:	<none>
Query params:	<none>
Form params:	<none>
Path params:	<none>
Headers:		Authorization=Basic ci5yZW5nZWw5OUBnbWFpbC5jb206cmVudWMwcGF0YQ==
				Accept=*/*
				Content-Type=text/plain; charset=ISO-8859-1
Cookies:		<none>
Multiparts:		<none>
Body:
{"Content":"Project Renuco 2 1697754953659"}
HTTP/1.1 200 OK
Cache-Control: no-cache, no-store, must-revalidate
Pragma: no-cache
Content-Type: application/json; charset=utf-8
Expires: -1
Server: Microsoft-IIS/8.0
Set-Cookie: ASP.NET_SessionId=ajooeb4hrqbv0xdbsezdpaul; path=/; HttpOnly; SameSite=Lax
X-AspNetMvc-Version: 2.0
X-AspNet-Version: 4.0.30319
X-Powered-By: ASP.NET
Date: Thu, 19 Oct 2023 22:35:56 GMT
Content-Length: 419

{
    "Id": 4152505,
    "Content": "Project Renuco 2 1697754953659",
    "ItemsCount": 0,
    "Icon": 0,
    "ItemType": 2,
    "ParentId": null,
    "Collapsed": false,
    "ItemOrder": 11,
    "Children": [
        
    ],
    "IsProjectShared": false,
    "ProjectShareOwnerName": null,
    "ProjectShareOwnerEmail": null,
    "IsShareApproved": false,
    "IsOwnProject": true,
    "LastSyncedDateTime": "/Date(1697754957459)/",
    "LastUpdatedDate": "/Date(1697754957443)/",
    "Deleted": false,
    "SyncClientCreationId": null
}
HTTP/1.1 200 OK
Cache-Control: no-cache, no-store, must-revalidate
Pragma: no-cache
Content-Type: application/json; charset=utf-8
Expires: -1
Server: Microsoft-IIS/8.0
Set-Cookie: ASP.NET_SessionId=ajooeb4hrqbv0xdbsezdpaul; path=/; HttpOnly; SameSite=Lax
X-AspNetMvc-Version: 2.0
X-AspNet-Version: 4.0.30319
X-Powered-By: ASP.NET
Date: Thu, 19 Oct 2023 22:35:56 GMT
Content-Length: 419

{
    "Id": 4152505,
    "Content": "Project Renuco 2 1697754953659",
    "ItemsCount": 0,
    "Icon": 0,
    "ItemType": 2,
    "ParentId": null,
    "Collapsed": false,
    "ItemOrder": 11,
    "Children": [
        
    ],
    "IsProjectShared": false,
    "ProjectShareOwnerName": null,
    "ProjectShareOwnerEmail": null,
    "IsShareApproved": false,
    "IsOwnProject": true,
    "LastSyncedDateTime": "/Date(1697754957459)/",
    "LastUpdatedDate": "/Date(1697754957443)/",
    "Deleted": false,
    "SyncClientCreationId": null
}
Request method:	POST
Request URI:	https://todo.ly/api/projects.json
Proxy:			<none>
Request params:	<none>
Query params:	<none>
Form params:	<none>
Path params:	<none>
Headers:		Authorization=Basic ci5yZW5nZWw5OUBnbWFpbC5jb206cmVudWMwcGF0YQ==
				Accept=*/*
				Content-Type=text/plain; charset=ISO-8859-1
Cookies:		<none>
Multiparts:		<none>
Body:
{"Content":"Project Renuco 3 1697754953659"}
HTTP/1.1 200 OK
Cache-Control: no-cache, no-store, must-revalidate
Pragma: no-cache
Content-Type: application/json; charset=utf-8
Expires: -1
Server: Microsoft-IIS/8.0
Set-Cookie: ASP.NET_SessionId=mpkw5b3yvbxrmsfyvstaynry; path=/; HttpOnly; SameSite=Lax
X-AspNetMvc-Version: 2.0
X-AspNet-Version: 4.0.30319
X-Powered-By: ASP.NET
Date: Thu, 19 Oct 2023 22:35:58 GMT
Content-Length: 419

{
    "Id": 4152506,
    "Content": "Project Renuco 3 1697754953659",
    "ItemsCount": 0,
    "Icon": 0,
    "ItemType": 2,
    "ParentId": null,
    "Collapsed": false,
    "ItemOrder": 12,
    "Children": [
        
    ],
    "IsProjectShared": false,
    "ProjectShareOwnerName": null,
    "ProjectShareOwnerEmail": null,
    "IsShareApproved": false,
    "IsOwnProject": true,
    "LastSyncedDateTime": "/Date(1697754958661)/",
    "LastUpdatedDate": "/Date(1697754958647)/",
    "Deleted": false,
    "SyncClientCreationId": null
}
HTTP/1.1 200 OK
Cache-Control: no-cache, no-store, must-revalidate
Pragma: no-cache
Content-Type: application/json; charset=utf-8
Expires: -1
Server: Microsoft-IIS/8.0
Set-Cookie: ASP.NET_SessionId=mpkw5b3yvbxrmsfyvstaynry; path=/; HttpOnly; SameSite=Lax
X-AspNetMvc-Version: 2.0
X-AspNet-Version: 4.0.30319
X-Powered-By: ASP.NET
Date: Thu, 19 Oct 2023 22:35:58 GMT
Content-Length: 419

{
    "Id": 4152506,
    "Content": "Project Renuco 3 1697754953659",
    "ItemsCount": 0,
    "Icon": 0,
    "ItemType": 2,
    "ParentId": null,
    "Collapsed": false,
    "ItemOrder": 12,
    "Children": [
        
    ],
    "IsProjectShared": false,
    "ProjectShareOwnerName": null,
    "ProjectShareOwnerEmail": null,
    "IsShareApproved": false,
    "IsOwnProject": true,
    "LastSyncedDateTime": "/Date(1697754958661)/",
    "LastUpdatedDate": "/Date(1697754958647)/",
    "Deleted": false,
    "SyncClientCreationId": null
}
Request method:	POST
Request URI:	https://todo.ly/api/projects.json
Proxy:			<none>
Request params:	<none>
Query params:	<none>
Form params:	<none>
Path params:	<none>
Headers:		Authorization=Basic ci5yZW5nZWw5OUBnbWFpbC5jb206cmVudWMwcGF0YQ==
				Accept=*/*
				Content-Type=text/plain; charset=ISO-8859-1
Cookies:		<none>
Multiparts:		<none>
Body:
{"Content":"Project Renuco 4 1697754953659"}
HTTP/1.1 200 OK
Cache-Control: no-cache, no-store, must-revalidate
Pragma: no-cache
Content-Type: application/json; charset=utf-8
Expires: -1
Server: Microsoft-IIS/8.0
Set-Cookie: ASP.NET_SessionId=cx0n3xmbwpv23aeav3wc2rk3; path=/; HttpOnly; SameSite=Lax
X-AspNetMvc-Version: 2.0
X-AspNet-Version: 4.0.30319
X-Powered-By: ASP.NET
Date: Thu, 19 Oct 2023 22:35:59 GMT
Content-Length: 419

{
    "Id": 4152507,
    "Content": "Project Renuco 4 1697754953659",
    "ItemsCount": 0,
    "Icon": 0,
    "ItemType": 2,
    "ParentId": null,
    "Collapsed": false,
    "ItemOrder": 13,
    "Children": [
        
    ],
    "IsProjectShared": false,
    "ProjectShareOwnerName": null,
    "ProjectShareOwnerEmail": null,
    "IsShareApproved": false,
    "IsOwnProject": true,
    "LastSyncedDateTime": "/Date(1697754960439)/",
    "LastUpdatedDate": "/Date(1697754960440)/",
    "Deleted": false,
    "SyncClientCreationId": null
}
HTTP/1.1 200 OK
Cache-Control: no-cache, no-store, must-revalidate
Pragma: no-cache
Content-Type: application/json; charset=utf-8
Expires: -1
Server: Microsoft-IIS/8.0
Set-Cookie: ASP.NET_SessionId=cx0n3xmbwpv23aeav3wc2rk3; path=/; HttpOnly; SameSite=Lax
X-AspNetMvc-Version: 2.0
X-AspNet-Version: 4.0.30319
X-Powered-By: ASP.NET
Date: Thu, 19 Oct 2023 22:35:59 GMT
Content-Length: 419

{
    "Id": 4152507,
    "Content": "Project Renuco 4 1697754953659",
    "ItemsCount": 0,
    "Icon": 0,
    "ItemType": 2,
    "ParentId": null,
    "Collapsed": false,
    "ItemOrder": 13,
    "Children": [
        
    ],
    "IsProjectShared": false,
    "ProjectShareOwnerName": null,
    "ProjectShareOwnerEmail": null,
    "IsShareApproved": false,
    "IsOwnProject": true,
    "LastSyncedDateTime": "/Date(1697754960439)/",
    "LastUpdatedDate": "/Date(1697754960440)/",
    "Deleted": false,
    "SyncClientCreationId": null
}
Request method:	GET
Request URI:	https://todo.ly/api/projects.json
Proxy:			<none>
Request params:	<none>
Query params:	<none>
Form params:	<none>
Path params:	<none>
Headers:		Authorization=Basic ci5yZW5nZWw5OUBnbWFpbC5jb206cmVudWMwcGF0YQ==
				Accept=*/*
Cookies:		<none>
Multiparts:		<none>
Body:			<none>
HTTP/1.1 200 OK
Cache-Control: no-cache, no-store, must-revalidate
Pragma: no-cache
Content-Type: application/json; charset=utf-8
Expires: -1
Server: Microsoft-IIS/8.0
Set-Cookie: ASP.NET_SessionId=uqukewouaymsd5zzrqoas25r; path=/; HttpOnly; SameSite=Lax
X-AspNetMvc-Version: 2.0
X-AspNet-Version: 4.0.30319
X-Powered-By: ASP.NET
Date: Thu, 19 Oct 2023 22:36:01 GMT
Content-Length: 1681

[
    {
        "Id": 4152504,
        "Content": "Project Renuco 1 1697754953657",
        "ItemsCount": 0,
        "Icon": 0,
        "ItemType": 2,
        "ParentId": null,
        "Collapsed": false,
        "ItemOrder": 10,
        "Children": [
            
        ],
        "IsProjectShared": false,
        "ProjectShareOwnerName": null,
        "ProjectShareOwnerEmail": null,
        "IsShareApproved": false,
        "IsOwnProject": true,
        "LastSyncedDateTime": "/Date(1697754961718)/",
        "LastUpdatedDate": "/Date(1697754955557)/",
        "Deleted": false,
        "SyncClientCreationId": null
    },
    {
        "Id": 4152505,
        "Content": "Project Renuco 2 1697754953659",
        "ItemsCount": 0,
        "Icon": 0,
        "ItemType": 2,
        "ParentId": null,
        "Collapsed": false,
        "ItemOrder": 11,
        "Children": [
            
        ],
        "IsProjectShared": false,
        "ProjectShareOwnerName": null,
        "ProjectShareOwnerEmail": null,
        "IsShareApproved": false,
        "IsOwnProject": true,
        "LastSyncedDateTime": "/Date(1697754961718)/",
        "LastUpdatedDate": "/Date(1697754957443)/",
        "Deleted": false,
        "SyncClientCreationId": null
    },
    {
        "Id": 4152506,
        "Content": "Project Renuco 3 1697754953659",
        "ItemsCount": 0,
        "Icon": 0,
        "ItemType": 2,
        "ParentId": null,
        "Collapsed": false,
        "ItemOrder": 12,
        "Children": [
            
        ],
        "IsProjectShared": false,
        "ProjectShareOwnerName": null,
        "ProjectShareOwnerEmail": null,
        "IsShareApproved": false,
        "IsOwnProject": true,
        "LastSyncedDateTime": "/Date(1697754961718)/",
        "LastUpdatedDate": "/Date(1697754958647)/",
        "Deleted": false,
        "SyncClientCreationId": null
    },
    {
        "Id": 4152507,
        "Content": "Project Renuco 4 1697754953659",
        "ItemsCount": 0,
        "Icon": 0,
        "ItemType": 2,
        "ParentId": null,
        "Collapsed": false,
        "ItemOrder": 13,
        "Children": [
            
        ],
        "IsProjectShared": false,
        "ProjectShareOwnerName": null,
        "ProjectShareOwnerEmail": null,
        "IsShareApproved": false,
        "IsOwnProject": true,
        "LastSyncedDateTime": "/Date(1697754961718)/",
        "LastUpdatedDate": "/Date(1697754960440)/",
        "Deleted": false,
        "SyncClientCreationId": null
    }
]
HTTP/1.1 200 OK
Cache-Control: no-cache, no-store, must-revalidate
Pragma: no-cache
Content-Type: application/json; charset=utf-8
Expires: -1
Server: Microsoft-IIS/8.0
Set-Cookie: ASP.NET_SessionId=uqukewouaymsd5zzrqoas25r; path=/; HttpOnly; SameSite=Lax
X-AspNetMvc-Version: 2.0
X-AspNet-Version: 4.0.30319
X-Powered-By: ASP.NET
Date: Thu, 19 Oct 2023 22:36:01 GMT
Content-Length: 1681

[
    {
        "Id": 4152504,
        "Content": "Project Renuco 1 1697754953657",
        "ItemsCount": 0,
        "Icon": 0,
        "ItemType": 2,
        "ParentId": null,
        "Collapsed": false,
        "ItemOrder": 10,
        "Children": [
            
        ],
        "IsProjectShared": false,
        "ProjectShareOwnerName": null,
        "ProjectShareOwnerEmail": null,
        "IsShareApproved": false,
        "IsOwnProject": true,
        "LastSyncedDateTime": "/Date(1697754961718)/",
        "LastUpdatedDate": "/Date(1697754955557)/",
        "Deleted": false,
        "SyncClientCreationId": null
    },
    {
        "Id": 4152505,
        "Content": "Project Renuco 2 1697754953659",
        "ItemsCount": 0,
        "Icon": 0,
        "ItemType": 2,
        "ParentId": null,
        "Collapsed": false,
        "ItemOrder": 11,
        "Children": [
            
        ],
        "IsProjectShared": false,
        "ProjectShareOwnerName": null,
        "ProjectShareOwnerEmail": null,
        "IsShareApproved": false,
        "IsOwnProject": true,
        "LastSyncedDateTime": "/Date(1697754961718)/",
        "LastUpdatedDate": "/Date(1697754957443)/",
        "Deleted": false,
        "SyncClientCreationId": null
    },
    {
        "Id": 4152506,
        "Content": "Project Renuco 3 1697754953659",
        "ItemsCount": 0,
        "Icon": 0,
        "ItemType": 2,
        "ParentId": null,
        "Collapsed": false,
        "ItemOrder": 12,
        "Children": [
            
        ],
        "IsProjectShared": false,
        "ProjectShareOwnerName": null,
        "ProjectShareOwnerEmail": null,
        "IsShareApproved": false,
        "IsOwnProject": true,
        "LastSyncedDateTime": "/Date(1697754961718)/",
        "LastUpdatedDate": "/Date(1697754958647)/",
        "Deleted": false,
        "SyncClientCreationId": null
    },
    {
        "Id": 4152507,
        "Content": "Project Renuco 4 1697754953659",
        "ItemsCount": 0,
        "Icon": 0,
        "ItemType": 2,
        "ParentId": null,
        "Collapsed": false,
        "ItemOrder": 13,
        "Children": [
            
        ],
        "IsProjectShared": false,
        "ProjectShareOwnerName": null,
        "ProjectShareOwnerEmail": null,
        "IsShareApproved": false,
        "IsOwnProject": true,
        "LastSyncedDateTime": "/Date(1697754961718)/",
        "LastUpdatedDate": "/Date(1697754960440)/",
        "Deleted": false,
        "SyncClientCreationId": null
    }
]
[{"Id":4152504,"Content":"Project Renuco 1 1697754953657","ItemsCount":0,"Icon":0,"ItemType":2,"ParentId":null,"Collapsed":false,"ItemOrder":10,"Children":[],"IsProjectShared":false,"ProjectShareOwnerName":null,"ProjectShareOwnerEmail":null,"IsShareApproved":false,"IsOwnProject":true,"LastSyncedDateTime":"\/Date(1697754961718)\/","LastUpdatedDate":"\/Date(1697754955557)\/","Deleted":false,"SyncClientCreationId":null},{"Id":4152505,"Content":"Project Renuco 2 1697754953659","ItemsCount":0,"Icon":0,"ItemType":2,"ParentId":null,"Collapsed":false,"ItemOrder":11,"Children":[],"IsProjectShared":false,"ProjectShareOwnerName":null,"ProjectShareOwnerEmail":null,"IsShareApproved":false,"IsOwnProject":true,"LastSyncedDateTime":"\/Date(1697754961718)\/","LastUpdatedDate":"\/Date(1697754957443)\/","Deleted":false,"SyncClientCreationId":null},{"Id":4152506,"Content":"Project Renuco 3 1697754953659","ItemsCount":0,"Icon":0,"ItemType":2,"ParentId":null,"Collapsed":false,"ItemOrder":12,"Children":[],"IsProjectShared":false,"ProjectShareOwnerName":null,"ProjectShareOwnerEmail":null,"IsShareApproved":false,"IsOwnProject":true,"LastSyncedDateTime":"\/Date(1697754961718)\/","LastUpdatedDate":"\/Date(1697754958647)\/","Deleted":false,"SyncClientCreationId":null},{"Id":4152507,"Content":"Project Renuco 4 1697754953659","ItemsCount":0,"Icon":0,"ItemType":2,"ParentId":null,"Collapsed":false,"ItemOrder":13,"Children":[],"IsProjectShared":false,"ProjectShareOwnerName":null,"ProjectShareOwnerEmail":null,"IsShareApproved":false,"IsOwnProject":true,"LastSyncedDateTime":"\/Date(1697754961718)\/","LastUpdatedDate":"\/Date(1697754960440)\/","Deleted":false,"SyncClientCreationId":null}]
Request method:	DELETE
Request URI:	https://todo.ly/api/projects/4152504.json
Proxy:			<none>
Request params:	<none>
Query params:	<none>
Form params:	<none>
Path params:	<none>
Headers:		Authorization=Basic ci5yZW5nZWw5OUBnbWFpbC5jb206cmVudWMwcGF0YQ==
				Accept=*/*
Cookies:		<none>
Multiparts:		<none>
Body:			<none>
HTTP/1.1 200 OK
Cache-Control: no-cache, no-store, must-revalidate
Pragma: no-cache
Content-Type: application/json; charset=utf-8
Expires: -1
Server: Microsoft-IIS/8.0
Set-Cookie: ASP.NET_SessionId=znmnqa1kawdeqwzwj5eko12m; path=/; HttpOnly; SameSite=Lax
X-AspNetMvc-Version: 2.0
X-AspNet-Version: 4.0.30319
X-Powered-By: ASP.NET
Date: Thu, 19 Oct 2023 22:36:03 GMT
Content-Length: 418

{
    "Id": 4152504,
    "Content": "Project Renuco 1 1697754953657",
    "ItemsCount": 0,
    "Icon": 0,
    "ItemType": 2,
    "ParentId": null,
    "Collapsed": false,
    "ItemOrder": 10,
    "Children": [
        
    ],
    "IsProjectShared": false,
    "ProjectShareOwnerName": null,
    "ProjectShareOwnerEmail": null,
    "IsShareApproved": false,
    "IsOwnProject": true,
    "LastSyncedDateTime": "/Date(1697754963153)/",
    "LastUpdatedDate": "/Date(1697754963140)/",
    "Deleted": true,
    "SyncClientCreationId": null
}
HTTP/1.1 200 OK
Cache-Control: no-cache, no-store, must-revalidate
Pragma: no-cache
Content-Type: application/json; charset=utf-8
Expires: -1
Server: Microsoft-IIS/8.0
Set-Cookie: ASP.NET_SessionId=znmnqa1kawdeqwzwj5eko12m; path=/; HttpOnly; SameSite=Lax
X-AspNetMvc-Version: 2.0
X-AspNet-Version: 4.0.30319
X-Powered-By: ASP.NET
Date: Thu, 19 Oct 2023 22:36:03 GMT
Content-Length: 418

{
    "Id": 4152504,
    "Content": "Project Renuco 1 1697754953657",
    "ItemsCount": 0,
    "Icon": 0,
    "ItemType": 2,
    "ParentId": null,
    "Collapsed": false,
    "ItemOrder": 10,
    "Children": [
        
    ],
    "IsProjectShared": false,
    "ProjectShareOwnerName": null,
    "ProjectShareOwnerEmail": null,
    "IsShareApproved": false,
    "IsOwnProject": true,
    "LastSyncedDateTime": "/Date(1697754963153)/",
    "LastUpdatedDate": "/Date(1697754963140)/",
    "Deleted": true,
    "SyncClientCreationId": null
}
Request method:	DELETE
Request URI:	https://todo.ly/api/projects/4152505.json
Proxy:			<none>
Request params:	<none>
Query params:	<none>
Form params:	<none>
Path params:	<none>
Headers:		Authorization=Basic ci5yZW5nZWw5OUBnbWFpbC5jb206cmVudWMwcGF0YQ==
				Accept=*/*
Cookies:		<none>
Multiparts:		<none>
Body:			<none>
HTTP/1.1 200 OK
Cache-Control: no-cache, no-store, must-revalidate
Pragma: no-cache
Content-Type: application/json; charset=utf-8
Expires: -1
Server: Microsoft-IIS/8.0
Set-Cookie: ASP.NET_SessionId=tyxyo1vh5c03qwderywagaav; path=/; HttpOnly; SameSite=Lax
X-AspNetMvc-Version: 2.0
X-AspNet-Version: 4.0.30319
X-Powered-By: ASP.NET
Date: Thu, 19 Oct 2023 22:36:04 GMT
Content-Length: 418

{
    "Id": 4152505,
    "Content": "Project Renuco 2 1697754953659",
    "ItemsCount": 0,
    "Icon": 0,
    "ItemType": 2,
    "ParentId": null,
    "Collapsed": false,
    "ItemOrder": 11,
    "Children": [
        
    ],
    "IsProjectShared": false,
    "ProjectShareOwnerName": null,
    "ProjectShareOwnerEmail": null,
    "IsShareApproved": false,
    "IsOwnProject": true,
    "LastSyncedDateTime": "/Date(1697754964823)/",
    "LastUpdatedDate": "/Date(1697754964823)/",
    "Deleted": true,
    "SyncClientCreationId": null
}
HTTP/1.1 200 OK
Cache-Control: no-cache, no-store, must-revalidate
Pragma: no-cache
Content-Type: application/json; charset=utf-8
Expires: -1
Server: Microsoft-IIS/8.0
Set-Cookie: ASP.NET_SessionId=tyxyo1vh5c03qwderywagaav; path=/; HttpOnly; SameSite=Lax
X-AspNetMvc-Version: 2.0
X-AspNet-Version: 4.0.30319
X-Powered-By: ASP.NET
Date: Thu, 19 Oct 2023 22:36:04 GMT
Content-Length: 418

{
    "Id": 4152505,
    "Content": "Project Renuco 2 1697754953659",
    "ItemsCount": 0,
    "Icon": 0,
    "ItemType": 2,
    "ParentId": null,
    "Collapsed": false,
    "ItemOrder": 11,
    "Children": [
        
    ],
    "IsProjectShared": false,
    "ProjectShareOwnerName": null,
    "ProjectShareOwnerEmail": null,
    "IsShareApproved": false,
    "IsOwnProject": true,
    "LastSyncedDateTime": "/Date(1697754964823)/",
    "LastUpdatedDate": "/Date(1697754964823)/",
    "Deleted": true,
    "SyncClientCreationId": null
}
Request method:	DELETE
Request URI:	https://todo.ly/api/projects/4152506.json
Proxy:			<none>
Request params:	<none>
Query params:	<none>
Form params:	<none>
Path params:	<none>
Headers:		Authorization=Basic ci5yZW5nZWw5OUBnbWFpbC5jb206cmVudWMwcGF0YQ==
				Accept=*/*
Cookies:		<none>
Multiparts:		<none>
Body:			<none>
HTTP/1.1 200 OK
Cache-Control: no-cache, no-store, must-revalidate
Pragma: no-cache
Content-Type: application/json; charset=utf-8
Expires: -1
Server: Microsoft-IIS/8.0
Set-Cookie: ASP.NET_SessionId=k1dmq41xlhw5kc3elskszw33; path=/; HttpOnly; SameSite=Lax
X-AspNetMvc-Version: 2.0
X-AspNet-Version: 4.0.30319
X-Powered-By: ASP.NET
Date: Thu, 19 Oct 2023 22:36:06 GMT
Content-Length: 418

{
    "Id": 4152506,
    "Content": "Project Renuco 3 1697754953659",
    "ItemsCount": 0,
    "Icon": 0,
    "ItemType": 2,
    "ParentId": null,
    "Collapsed": false,
    "ItemOrder": 12,
    "Children": [
        
    ],
    "IsProjectShared": false,
    "ProjectShareOwnerName": null,
    "ProjectShareOwnerEmail": null,
    "IsShareApproved": false,
    "IsOwnProject": true,
    "LastSyncedDateTime": "/Date(1697754966274)/",
    "LastUpdatedDate": "/Date(1697754966260)/",
    "Deleted": true,
    "SyncClientCreationId": null
}
HTTP/1.1 200 OK
Cache-Control: no-cache, no-store, must-revalidate
Pragma: no-cache
Content-Type: application/json; charset=utf-8
Expires: -1
Server: Microsoft-IIS/8.0
Set-Cookie: ASP.NET_SessionId=k1dmq41xlhw5kc3elskszw33; path=/; HttpOnly; SameSite=Lax
X-AspNetMvc-Version: 2.0
X-AspNet-Version: 4.0.30319
X-Powered-By: ASP.NET
Date: Thu, 19 Oct 2023 22:36:06 GMT
Content-Length: 418

{
    "Id": 4152506,
    "Content": "Project Renuco 3 1697754953659",
    "ItemsCount": 0,
    "Icon": 0,
    "ItemType": 2,
    "ParentId": null,
    "Collapsed": false,
    "ItemOrder": 12,
    "Children": [
        
    ],
    "IsProjectShared": false,
    "ProjectShareOwnerName": null,
    "ProjectShareOwnerEmail": null,
    "IsShareApproved": false,
    "IsOwnProject": true,
    "LastSyncedDateTime": "/Date(1697754966274)/",
    "LastUpdatedDate": "/Date(1697754966260)/",
    "Deleted": true,
    "SyncClientCreationId": null
}
Request method:	DELETE
Request URI:	https://todo.ly/api/projects/4152507.json
Proxy:			<none>
Request params:	<none>
Query params:	<none>
Form params:	<none>
Path params:	<none>
Headers:		Authorization=Basic ci5yZW5nZWw5OUBnbWFpbC5jb206cmVudWMwcGF0YQ==
				Accept=*/*
Cookies:		<none>
Multiparts:		<none>
Body:			<none>
HTTP/1.1 200 OK
Cache-Control: no-cache, no-store, must-revalidate
Pragma: no-cache
Content-Type: application/json; charset=utf-8
Expires: -1
Server: Microsoft-IIS/8.0
Set-Cookie: ASP.NET_SessionId=5uh4keipvajoxlf1uojn1z5q; path=/; HttpOnly; SameSite=Lax
X-AspNetMvc-Version: 2.0
X-AspNet-Version: 4.0.30319
X-Powered-By: ASP.NET
Date: Thu, 19 Oct 2023 22:36:07 GMT
Content-Length: 418

{
    "Id": 4152507,
    "Content": "Project Renuco 4 1697754953659",
    "ItemsCount": 0,
    "Icon": 0,
    "ItemType": 2,
    "ParentId": null,
    "Collapsed": false,
    "ItemOrder": 13,
    "Children": [
        
    ],
    "IsProjectShared": false,
    "ProjectShareOwnerName": null,
    "ProjectShareOwnerEmail": null,
    "IsShareApproved": false,
    "IsOwnProject": true,
    "LastSyncedDateTime": "/Date(1697754967662)/",
    "LastUpdatedDate": "/Date(1697754967647)/",
    "Deleted": true,
    "SyncClientCreationId": null
}
HTTP/1.1 200 OK
Cache-Control: no-cache, no-store, must-revalidate
Pragma: no-cache
Content-Type: application/json; charset=utf-8
Expires: -1
Server: Microsoft-IIS/8.0
Set-Cookie: ASP.NET_SessionId=5uh4keipvajoxlf1uojn1z5q; path=/; HttpOnly; SameSite=Lax
X-AspNetMvc-Version: 2.0
X-AspNet-Version: 4.0.30319
X-Powered-By: ASP.NET
Date: Thu, 19 Oct 2023 22:36:07 GMT
Content-Length: 418

{
    "Id": 4152507,
    "Content": "Project Renuco 4 1697754953659",
    "ItemsCount": 0,
    "Icon": 0,
    "ItemType": 2,
    "ParentId": null,
    "Collapsed": false,
    "ItemOrder": 13,
    "Children": [
        
    ],
    "IsProjectShared": false,
    "ProjectShareOwnerName": null,
    "ProjectShareOwnerEmail": null,
    "IsShareApproved": false,
    "IsOwnProject": true,
    "LastSyncedDateTime": "/Date(1697754967662)/",
    "LastUpdatedDate": "/Date(1697754967647)/",
    "Deleted": true,
    "SyncClientCreationId": null
}
]]></system-out>
  <system-err><![CDATA[]]></system-err>
</testsuite>
